<?xml version="1.0" encoding="utf-8"?><testsuites name="pytest tests"><testsuite name="pytest" errors="0" failures="0" skipped="1" tests="21" time="11.149" timestamp="2026-08-14T19:48:08.735389+00:00" hostname="agent-env-61834e78-b9a8-41eb-b204-22757a0e5395"><testcase classname="tests.backend_test.TestAuth" name="test_send_otp_invalid_mobile" time="0.281" /><testcase classname="tests.backend_test.TestGameEngine" name="test_wrong_turn_roll_fails" time="1.443" /><testcase classname="tests.backend_test.TestAuth" name="test_send_otp_valid" time="0.152" /><testcase classname="tests.backend_test.TestAuth" name="test_verify_otp_creates_user_with_bonus" time="0.511" /><testcase classname="tests.backend_test.TestAuth" name="test_verify_otp_invalid" time="0.289" /><testcase classname="tests.backend_test.TestAuth" name="test_update_profile_unique_username" time="0.834" /><testcase classname="tests.backend_test.TestGameEngine" name="test_roll_returns_dice" time="1.446" /><testcase classname="tests.backend_test.TestDeposits" name="test_qr_generation" time="0.171" /><testcase classname="tests.backend_test.TestDeposits" name="test_create_deposit_and_duplicate_utr" time="0.870" /><testcase classname="tests.backend_test.TestGameEngine" name="test_leave_forfeit_credits_opponent" time="1.299" /><testcase classname="tests.backend_test.TestDeposits" name="test_deposit_amount_out_of_range" time="0.585" /><testcase classname="tests.backend_test.TestAdmin" name="test_login_wrong_password" time="0.127" /><testcase classname="tests.backend_test.TestAdmin" name="test_login_and_dashboard" time="0.276" /><testcase classname="tests.backend_test.TestAdmin" name="test_deposit_verify_flow" time="1.414" /><testcase classname="tests.backend_test.TestGameEngine" name="test_full_game_winner_via_forced_state" time="0.000"><skipped type="pytest.skip" message="Full win via /api/game/move requires long simulation; covered by leave forfeit path.">/app/backend/tests/backend_test.py:261: Full win via /api/game/move requires long simulation; covered by leave forfeit path.</skipped></testcase><testcase classname="tests.backend_test.TestRoomsAndBattles" name="test_create_and_join_room" time="1.896" /><testcase classname="tests.backend_test.TestNotificationsAndReferral" name="test_notifications_read_all" time="0.817" /><testcase classname="tests.backend_test.TestRoomsAndBattles" name="test_cancel_room_refunds" time="0.939" /><testcase classname="tests.backend_test.TestNotificationsAndReferral" name="test_referral_flow" time="1.715" /><testcase classname="tests.backend_test.TestSettings" name="test_public_settings" time="0.127" /><testcase classname="tests.backend_test.TestWithdrawal" name="test_withdraw_flow" time="2.556" /></testsuite></testsuites>