<?xml version="1.0" encoding="utf-8"?><testsuites name="pytest tests"><testsuite name="pytest" errors="0" failures="0" skipped="1" tests="29" time="89.783" timestamp="2026-08-14T20:16:38.287716+00:00" hostname="agent-env-61834e78-b9a8-41eb-b204-22757a0e5395"><testcase classname="tests.backend_test.TestAuth" name="test_send_otp_invalid_mobile" time="0.174" /><testcase classname="tests.backend_test.TestWithdrawalMethods" name="test_upi_valid_creates_pending" time="1.315" /><testcase classname="tests.backend_test.TestAuth" name="test_send_otp_valid" time="0.158" /><testcase classname="tests.backend_test.TestAuth" name="test_verify_otp_creates_user_with_bonus" time="0.451" /><testcase classname="tests.backend_test.TestAuth" name="test_verify_otp_invalid" time="0.286" /><testcase classname="tests.backend_test.TestAuth" name="test_update_profile_unique_username" time="0.845" /><testcase classname="tests.backend_test.TestWithdrawalMethods" name="test_upi_missing_returns_400" time="1.455" /><testcase classname="tests.backend_test.TestGameEngine" name="test_wrong_turn_roll_fails" time="1.744" /><testcase classname="tests.backend_test.TestWithdrawalMethods" name="test_upi_invalid_format_returns_400" time="1.290" /><testcase classname="tests.backend_test.TestGameEngine" name="test_roll_returns_dice" time="69.413" /><testcase classname="tests.backend_test.TestWithdrawalMethods" name="test_bank_valid_creates_pending_with_payout_target" time="37.251" /><testcase classname="tests.backend_test.TestWithdrawalMethods" name="test_bank_missing_fields_returns_400" time="1.274" /><testcase classname="tests.backend_test.TestWithdrawalMethods" name="test_insufficient_winnings_any_method" time="0.580" /><testcase classname="tests.backend_test.TestWithdrawalMethods" name="test_admin_listing_shows_both_methods_and_action" time="1.700" /><testcase classname="tests.backend_test.TestDeposits" name="test_qr_generation" time="0.201" /><testcase classname="tests.backend_test.TestDeposits" name="test_create_deposit_and_duplicate_utr" time="0.934" /><testcase classname="tests.backend_test.TestDeposits" name="test_deposit_amount_out_of_range" time="0.500" /><testcase classname="tests.backend_test.TestAdmin" name="test_login_wrong_password" time="0.144" /><testcase classname="tests.backend_test.TestAdmin" name="test_login_and_dashboard" time="0.253" /><testcase classname="tests.backend_test.TestAdmin" name="test_deposit_verify_flow" time="1.240" /><testcase classname="tests.backend_test.TestRoomsAndBattles" name="test_create_and_join_room" time="37.864" /><testcase classname="tests.backend_test.TestGameEngine" name="test_leave_forfeit_credits_opponent" time="1.244" /><testcase classname="tests.backend_test.TestGameEngine" name="test_full_game_winner_via_forced_state" time="0.000"><skipped type="pytest.skip" message="Full win via /api/game/move requires long simulation; covered by leave forfeit path.">/app/backend/tests/backend_test.py:261: Full win via /api/game/move requires long simulation; covered by leave forfeit path.</skipped></testcase><testcase classname="tests.backend_test.TestSettings" name="test_public_settings" time="0.118" /><testcase classname="tests.backend_test.TestWithdrawal" name="test_withdraw_flow" time="2.393" /><testcase classname="tests.backend_test.TestReferralAppliedAndRedeem" name="test_applied_code_and_redeem_flow" time="2.269" /><testcase classname="tests.backend_test.TestRoomsAndBattles" name="test_cancel_room_refunds" time="0.847" /><testcase classname="tests.backend_test.TestNotificationsAndReferral" name="test_notifications_read_all" time="0.620" /><testcase classname="tests.backend_test.TestNotificationsAndReferral" name="test_referral_flow" time="1.823" /></testsuite></testsuites>