<?xml version="1.0" encoding="utf-8"?><testsuites name="pytest tests"><testsuite name="pytest" errors="0" failures="1" skipped="0" tests="7" time="9.645" timestamp="2026-08-14T20:16:13.711763+00:00" hostname="agent-env-61834e78-b9a8-41eb-b204-22757a0e5395"><testcase classname="tests.backend_test.TestWithdrawalMethods" name="test_upi_valid_creates_pending" time="1.470"><failure message="assert 280.0 &lt; 190">backend/tests/backend_test.py:335: in test_upi_valid_creates_pending
    assert me["wallet"]["winnings_balance"] &lt; 190
E   assert 280.0 &lt; 190</failure></testcase><testcase classname="tests.backend_test.TestWithdrawalMethods" name="test_upi_missing_returns_400" time="1.206" /><testcase classname="tests.backend_test.TestWithdrawalMethods" name="test_upi_invalid_format_returns_400" time="1.253" /><testcase classname="tests.backend_test.TestWithdrawalMethods" name="test_bank_valid_creates_pending_with_payout_target" time="1.143" /><testcase classname="tests.backend_test.TestWithdrawalMethods" name="test_bank_missing_fields_returns_400" time="1.430" /><testcase classname="tests.backend_test.TestWithdrawalMethods" name="test_insufficient_winnings_any_method" time="0.562" /><testcase classname="tests.backend_test.TestWithdrawalMethods" name="test_admin_listing_shows_both_methods_and_action" time="1.814" /></testsuite></testsuites>